<?xml version="1.0" encoding="UTF-8"?>
<testng-results ignored="0" total="1" passed="1" failed="0" skipped="0">
  <reporter-output>
  </reporter-output>
  <suite started-at="2024-04-27T14:20:14 IDT" name="Default suite" finished-at="2024-04-27T14:20:14 IDT" duration-ms="44">
    <groups>
    </groups>
    <test started-at="2024-04-27T14:20:14 IDT" name="Default test" finished-at="2024-04-27T14:20:14 IDT" duration-ms="44">
      <class name="first.PS2">
        <test-method is-config="true" signature="Before()[pri:0, instance:first.PS2@29215f06]" started-at="2024-04-27T14:20:14 IDT" name="Before" finished-at="2024-04-27T14:20:14 IDT" duration-ms="5" status="PASS">
          <reporter-output>
          </reporter-output>
        </test-method> <!-- Before -->
        <test-method signature="testRun()[pri:0, instance:first.PS2@29215f06]" started-at="2024-04-27T14:20:14 IDT" name="testRun" finished-at="2024-04-27T14:20:14 IDT" duration-ms="5" status="PASS">
          <reporter-output>
          </reporter-output>
        </test-method> <!-- testRun -->
      </class> <!-- first.PS2 -->
    </test> <!-- Default test -->
  </suite> <!-- Default suite -->
</testng-results>
